<testsuites id="" name="" tests="3" failures="0" skipped="0" errors="0" time="7.709577000000001">
<testsuite name="e2e/e2e.spec.ts" timestamp="2026-03-12T08:43:39.784Z" hostname="chromium" tests="3" failures="0" skipped="0" time="5.538" errors="0">
<testcase name="E2E Test Suite › Purchase Item" classname="e2e/e2e.spec.ts" time="2.628">
<system-out>
<![CDATA[Before all tests
Executing step 1: Login_valid
Executing step: Login_valid
This is a login step.
Attempting login with username: standard_user
Executing step 2: AddToCart_Sauce Labs Backpack
Executing step: AddToCart_Sauce Labs Backpack
This is an add to cart step.
This is an add to cart step. [ [32m'Sauce Labs Backpack'[39m ]
Executing step 3: viewCart
Executing step: viewCart
This is a view cart step. [ [32m'Sauce Labs Backpack'[39m ]
Checking in the cart item:Sauce Labs Backpack
Executing step 4: checkout_Albert_Lamar_1630
Executing step: checkout_Albert_Lamar_1630
Executing step 5: Logout
Executing step: Logout
This is a logout step.
Attempting logout with username: standard_user
End of steps reached!

[[ATTACHMENT|../../test-results/e2e-e2e-E2E-Test-Suite-Purchase-Item-chromium/trace.zip]]
]]>
</system-out>
</testcase>
<testcase name="E2E Test Suite › Purchase 2 item" classname="e2e/e2e.spec.ts" time="2.006">
<system-out>
<![CDATA[Executing step 1: Login_valid
Executing step: Login_valid
This is a login step.
Attempting login with username: standard_user
Executing step 2: AddToCart_Sauce Labs Bike Light_Sauce Labs Backpack
Executing step: AddToCart_Sauce Labs Bike Light_Sauce Labs Backpack
This is an add to cart step.
This is an add to cart step. [ [32m'Sauce Labs Bike Light'[39m, [32m'Sauce Labs Backpack'[39m ]
Executing step 3: viewCart
Executing step: viewCart
This is a view cart step. [ [32m'Sauce Labs Bike Light'[39m, [32m'Sauce Labs Backpack'[39m ]
Checking in the cart item:Sauce Labs Bike Light
Checking in the cart item:Sauce Labs Backpack
Executing step 4: checkout
Executing step: checkout
[ [32m'Maxine'[39m, [32m'Swift'[39m, [32m'44505'[39m ]
Executing step 5: Logout
Executing step: Logout
This is a logout step.
Attempting logout with username: standard_user
End of steps reached!

[[ATTACHMENT|../../test-results/e2e-e2e-E2E-Test-Suite-Purchase-2-item-chromium/trace.zip]]
]]>
</system-out>
</testcase>
<testcase name="E2E Test Suite › Invalid Login" classname="e2e/e2e.spec.ts" time="0.904">
<system-out>
<![CDATA[Before all tests
Executing step 1: Login_invalidUsername
Executing step: Login_invalidUsername
This is a login step.
Attempting Login with invalidUsername
End of steps reached!

[[ATTACHMENT|../../test-results/e2e-e2e-E2E-Test-Suite-Invalid-Login-chromium/trace.zip]]
]]>
</system-out>
</testcase>
</testsuite>
</testsuites>